Using pre-set license
Built from '2022.3/staging' branch; Version is '2022.3.43f1 (85497d293fa1) revision 8735101'; Using compiler version '192829333'; Build Type 'Release'
OS: 'Windows 10  (10.0.19045) 64bit Professional' Language: 'en' Physical Memory: 32661 MB
BatchMode: 1, IsHumanControllingUs: 0, StartBugReporterOnCrash: 0, Is64bit: 1, IsPro: 1

COMMAND LINE ARGUMENTS:
C:\Program Files\Unity\Hub\Editor\2022.3.43f1\Editor\Unity.exe
-adb2
-batchMode
-noUpm
-name
AssetImportWorker1
-projectPath
C:/Users/neonekiz/Downloads/Kogama/ExportedProject
-logFile
Logs/AssetImportWorker1.log
-srvPort
60222
Successfully changed project path to: C:/Users/neonekiz/Downloads/Kogama/ExportedProject
C:/Users/neonekiz/Downloads/Kogama/ExportedProject
[UnityMemory] Configuration Parameters - Can be set up in boot.config
    "memorysetup-bucket-allocator-granularity=16"
    "memorysetup-bucket-allocator-bucket-count=8"
    "memorysetup-bucket-allocator-block-size=33554432"
    "memorysetup-bucket-allocator-block-count=8"
    "memorysetup-main-allocator-block-size=16777216"
    "memorysetup-thread-allocator-block-size=16777216"
    "memorysetup-gfx-main-allocator-block-size=16777216"
    "memorysetup-gfx-thread-allocator-block-size=16777216"
    "memorysetup-cache-allocator-block-size=4194304"
    "memorysetup-typetree-allocator-block-size=2097152"
    "memorysetup-profiler-bucket-allocator-granularity=16"
    "memorysetup-profiler-bucket-allocator-bucket-count=8"
    "memorysetup-profiler-bucket-allocator-block-size=33554432"
    "memorysetup-profiler-bucket-allocator-block-count=8"
    "memorysetup-profiler-allocator-block-size=16777216"
    "memorysetup-profiler-editor-allocator-block-size=1048576"
    "memorysetup-temp-allocator-size-main=16777216"
    "memorysetup-job-temp-allocator-block-size=2097152"
    "memorysetup-job-temp-allocator-block-size-background=1048576"
    "memorysetup-job-temp-allocator-reduction-small-platforms=262144"
    "memorysetup-allocator-temp-initial-block-size-main=262144"
    "memorysetup-allocator-temp-initial-block-size-worker=262144"
    "memorysetup-temp-allocator-size-background-worker=32768"
    "memorysetup-temp-allocator-size-job-worker=262144"
    "memorysetup-temp-allocator-size-preload-manager=33554432"
    "memorysetup-temp-allocator-size-nav-mesh-worker=65536"
    "memorysetup-temp-allocator-size-audio-worker=65536"
    "memorysetup-temp-allocator-size-cloud-worker=32768"
    "memorysetup-temp-allocator-size-gi-baking-worker=262144"
    "memorysetup-temp-allocator-size-gfx=262144"
Player connection [19192]  Target information:

Player connection [19192]  * "[IP] 192.168.1.19 [Port] 0 [Flags] 2 [Guid] 2745877928 [EditorId] 2745877928 [Version] 1048832 [Id] WindowsEditor(7,DESKTOP-P7BITKF) [Debug] 1 [PackageName] WindowsEditor [ProjectName] Editor" 

Player connection [19192]  * "[IP] 26.237.88.42 [Port] 0 [Flags] 2 [Guid] 2745877928 [EditorId] 2745877928 [Version] 1048832 [Id] WindowsEditor(7,DESKTOP-P7BITKF) [Debug] 1 [PackageName] WindowsEditor [ProjectName] Editor" 

Player connection [19192] Host joined multi-casting on [225.0.0.222:54997]...
Player connection [19192] Host joined alternative multi-casting on [225.0.0.222:34997]...
[PhysX] Initialized MultithreadedTaskDispatcher with 12 workers.
Refreshing native plugins compatible for Editor in 7.11 ms, found 0 plugins.
Preloading 0 native plugins for Editor in 0.00 ms.
Initialize engine version: 2022.3.43f1 (85497d293fa1)
[Subsystems] Discovering subsystems at path C:/Program Files/Unity/Hub/Editor/2022.3.43f1/Editor/Data/Resources/UnitySubsystems
[Subsystems] Discovering subsystems at path C:/Users/neonekiz/Downloads/Kogama/ExportedProject/Assets
GfxDevice: creating device client; threaded=0; jobified=0
Direct3D:
    Version:  Direct3D 11.0 [level 11.1]
    Renderer: NVIDIA GeForce RTX 3060 Ti (ID=0x2489)
    Vendor:   NVIDIA
    VRAM:     8024 MB
    Driver:   32.0.15.7628
Initialize mono
Mono path[0] = 'C:/Program Files/Unity/Hub/Editor/2022.3.43f1/Editor/Data/Managed'
Mono path[1] = 'C:/Program Files/Unity/Hub/Editor/2022.3.43f1/Editor/Data/MonoBleedingEdge/lib/mono/unityjit-win32'
Mono config path = 'C:/Program Files/Unity/Hub/Editor/2022.3.43f1/Editor/Data/MonoBleedingEdge/etc'
Using monoOptions --debugger-agent=transport=dt_socket,embedding=1,server=y,suspend=n,address=127.0.0.1:56148
Begin MonoManager ReloadAssembly
Registering precompiled unity dll's ...
Register platform support module: C:/Program Files/Unity/Hub/Editor/2022.3.43f1/Editor/Data/PlaybackEngines/WindowsStandaloneSupport/UnityEditor.WindowsStandalone.Extensions.dll
Registered in 0.012156 seconds.
- Loaded All Assemblies, in  0.372 seconds
Native extension for WindowsStandalone target not found
Mono: successfully reloaded assembly
- Finished resetting the current domain, in  0.241 seconds
Domain Reload Profiling: 611ms
	BeginReloadAssembly (129ms)
		ExecutionOrderSort (0ms)
		DisableScriptedObjects (0ms)
		BackupInstance (0ms)
		ReleaseScriptingObjects (0ms)
		CreateAndSetChildDomain (1ms)
	RebuildCommonClasses (38ms)
	RebuildNativeTypeToScriptingClass (10ms)
	initialDomainReloadingComplete (68ms)
	LoadAllAssembliesAndSetupDomain (124ms)
		LoadAssemblies (126ms)
		RebuildTransferFunctionScriptingTraits (0ms)
		AnalyzeDomain (122ms)
			TypeCache.Refresh (120ms)
				TypeCache.ScanAssembly (107ms)
			ScanForSourceGeneratedMonoScriptInfo (0ms)
			ResolveRequiredComponents (0ms)
	FinalizeReload (242ms)
		ReleaseScriptCaches (0ms)
		RebuildScriptCaches (0ms)
		SetupLoadedEditorAssemblies (202ms)
			LogAssemblyErrors (0ms)
			InitializePlatformSupportModulesInManaged (10ms)
			SetLoadedEditorAssemblies (6ms)
			RefreshPlugins (0ms)
			BeforeProcessingInitializeOnLoad (2ms)
			ProcessInitializeOnLoadAttributes (139ms)
			ProcessInitializeOnLoadMethodAttributes (44ms)
			AfterProcessingInitializeOnLoad (0ms)
			EditorAssembliesLoaded (0ms)
		ExecutionOrderSort2 (0ms)
		AwakeInstancesAfterBackupRestoration (0ms)
========================================================================
Worker process is ready to serve import requests
Caller must complete domain reload
Begin MonoManager ReloadAssembly
- Loaded All Assemblies, in  0.378 seconds
Native extension for WindowsStandalone target not found
Mono: successfully reloaded assembly
- Finished resetting the current domain, in  0.369 seconds
Domain Reload Profiling: 745ms
	BeginReloadAssembly (151ms)
		ExecutionOrderSort (0ms)
		DisableScriptedObjects (7ms)
		BackupInstance (0ms)
		ReleaseScriptingObjects (0ms)
		CreateAndSetChildDomain (21ms)
	RebuildCommonClasses (30ms)
	RebuildNativeTypeToScriptingClass (10ms)
	initialDomainReloadingComplete (35ms)
	LoadAllAssembliesAndSetupDomain (149ms)
		LoadAssemblies (177ms)
		RebuildTransferFunctionScriptingTraits (0ms)
		AnalyzeDomain (62ms)
			TypeCache.Refresh (38ms)
				TypeCache.ScanAssembly (29ms)
			ScanForSourceGeneratedMonoScriptInfo (8ms)
			ResolveRequiredComponents (16ms)
	FinalizeReload (369ms)
		ReleaseScriptCaches (0ms)
		RebuildScriptCaches (0ms)
		SetupLoadedEditorAssemblies (217ms)
			LogAssemblyErrors (0ms)
			InitializePlatformSupportModulesInManaged (7ms)
			SetLoadedEditorAssemblies (2ms)
			RefreshPlugins (0ms)
			BeforeProcessingInitializeOnLoad (33ms)
			ProcessInitializeOnLoadAttributes (141ms)
			ProcessInitializeOnLoadMethodAttributes (22ms)
			AfterProcessingInitializeOnLoad (11ms)
			EditorAssembliesLoaded (0ms)
		ExecutionOrderSort2 (0ms)
		AwakeInstancesAfterBackupRestoration (8ms)
Launched and connected shader compiler UnityShaderCompiler.exe after 0.08 seconds
Refreshing native plugins compatible for Editor in 4.37 ms, found 0 plugins.
Preloading 0 native plugins for Editor in 0.00 ms.
Unloading 2690 Unused Serialized files (Serialized files now loaded: 0)
Unloading 13 unused Assets / (25.6 KB). Loaded Objects now: 3218.
Memory consumption went from 131.3 MB to 131.3 MB.
Total: 2.686300 ms (FindLiveObjects: 0.216100 ms CreateObjectMapping: 0.190600 ms MarkObjects: 2.220600 ms  DeleteObjects: 0.058200 ms)

AssetImportParameters requested are different than current active one (requested -> active):
  custom:video-decoder-webm-vp8: 9c59270c3fd7afecdb556c50c9e8de78 -> 
  custom:SearchIndexIgnoredProperties: e643bd26f0fe6173181afceb89e7c659 -> 
  custom:container-demuxer-ogg: 62fdf1f143b41e24485cea50d1cbac27 -> 
  custom:AudioImporter_EditorPlatform: d09bf68614088b80899f8185d706f6e7 -> 
  custom:video-decoder-ogg-theora: a1e56fd34408186e4bbccfd4996cb3dc -> 
  custom:framework-win-MediaFoundation: 216162199b28c13a410421893ffa2e32 -> 
  custom:video-encoder-webm-vp8: eb34c28f22e8b96e1ab97ce403110664 -> 
  custom:audio-decoder-ogg-vorbis: bf7c407c2cedff20999df2af8eb42d56 -> 
  custom:CustomObjectIndexerAttribute: 9a22284fe3817be447336de3de66b15e -> 
  custom:container-demuxer-webm: 4f35f7cbe854078d1ac9338744f61a02 -> 
  custom:audio-encoder-webm-vorbis: bf7c407c2cedff20999df2af8eb42d56 -> 
  custom:container-muxer-webm: aa71ff27fc2769a1b78a27578f13a17b -> 
========================================================================
Received Import Request.
  Time since last request: 194659.691939 seconds.
  path: Assets/Mesh/pole.asset
  artifactKey: Guid(d00e7db05e1428549a2f88c481405a94) Importer(815301076,1909f56bfc062723c751e8b465ee728b)
Start importing Assets/Mesh/pole.asset using Guid(d00e7db05e1428549a2f88c481405a94) Importer(815301076,1909f56bfc062723c751e8b465ee728b) [PhysX] Initialized MultithreadedTaskDispatcher with 12 workers.
[PhysX] Initialized MultithreadedTaskDispatcher with 12 workers.
 -> (artifact id: 'b5b29677a1f5c3c6cab939c94ae354f8') in 0.312787 seconds
Number of updated asset objects reloaded before import = 0
Number of asset objects unloaded after import = 2
========================================================================
Received Import Request.
  Time since last request: 0.000027 seconds.
  path: Assets/Mesh/irisGreen_mesh.asset
  artifactKey: Guid(da801dbba36efc14389c038230503832) Importer(815301076,1909f56bfc062723c751e8b465ee728b)
Start importing Assets/Mesh/irisGreen_mesh.asset using Guid(da801dbba36efc14389c038230503832) Importer(815301076,1909f56bfc062723c751e8b465ee728b) [PhysX] Initialized MultithreadedTaskDispatcher with 12 workers.
[PhysX] Initialized MultithreadedTaskDispatcher with 12 workers.
 -> (artifact id: '95c8bcee4d13df73971d1da5fad7cf35') in 0.015307 seconds
Number of updated asset objects reloaded before import = 0
Number of asset objects unloaded after import = 2
========================================================================
Received Import Request.
  Time since last request: 0.000016 seconds.
  path: Assets/Mesh/Mesh_0.asset
  artifactKey: Guid(6e0d0a15e93ba4143bd23ad3db4faa77) Importer(815301076,1909f56bfc062723c751e8b465ee728b)
Start importing Assets/Mesh/Mesh_0.asset using Guid(6e0d0a15e93ba4143bd23ad3db4faa77) Importer(815301076,1909f56bfc062723c751e8b465ee728b) [PhysX] Initialized MultithreadedTaskDispatcher with 12 workers.
[PhysX] Initialized MultithreadedTaskDispatcher with 12 workers.
 -> (artifact id: '5424119841fcfbeaf2da51a0a13da37a') in 0.017313 seconds
Number of updated asset objects reloaded before import = 0
Number of asset objects unloaded after import = 2
========================================================================
Received Import Request.
  Time since last request: 0.000015 seconds.
  path: Assets/Mesh/Flag.asset
  artifactKey: Guid(22b1dbe1043ae21459889a9f4d5b4add) Importer(815301076,1909f56bfc062723c751e8b465ee728b)
Start importing Assets/Mesh/Flag.asset using Guid(22b1dbe1043ae21459889a9f4d5b4add) Importer(815301076,1909f56bfc062723c751e8b465ee728b) [PhysX] Initialized MultithreadedTaskDispatcher with 12 workers.
[PhysX] Initialized MultithreadedTaskDispatcher with 12 workers.
 -> (artifact id: '2cda060c068fc95f2db6c14c3a6832ad') in 0.016800 seconds
Number of updated asset objects reloaded before import = 0
Number of asset objects unloaded after import = 2
========================================================================
Received Import Request.
  Time since last request: 0.000015 seconds.
  path: Assets/Mesh/grp_flag_Flag.asset
  artifactKey: Guid(afee01f5f239cda458e26471648963ff) Importer(815301076,1909f56bfc062723c751e8b465ee728b)
Start importing Assets/Mesh/grp_flag_Flag.asset using Guid(afee01f5f239cda458e26471648963ff) Importer(815301076,1909f56bfc062723c751e8b465ee728b) [PhysX] Initialized MultithreadedTaskDispatcher with 12 workers.
[PhysX] Initialized MultithreadedTaskDispatcher with 12 workers.
 -> (artifact id: '2a31e16ed9cd522e2b2ebcafee789fe6') in 0.015262 seconds
Number of updated asset objects reloaded before import = 0
Number of asset objects unloaded after import = 2
========================================================================
Received Import Request.
  Time since last request: 0.000016 seconds.
  path: Assets/MonoBehaviour/br.asset
  artifactKey: Guid(c5b67aced8703264098fb7bdd5e119cd) Importer(815301076,1909f56bfc062723c751e8b465ee728b)
Start importing Assets/MonoBehaviour/br.asset using Guid(c5b67aced8703264098fb7bdd5e119cd) Importer(815301076,1909f56bfc062723c751e8b465ee728b) [PhysX] Initialized MultithreadedTaskDispatcher with 12 workers.
 -> (artifact id: '8b8823663ac306d178c19146c86c9cb3') in 0.001311 seconds
Number of updated asset objects reloaded before import = 0
Number of asset objects unloaded after import = 1
========================================================================
Received Import Request.
  Time since last request: 0.000017 seconds.
  path: Assets/Mesh/CollectTheItemArrowCone.asset
  artifactKey: Guid(76897f99367761e41a1de843ba0a6184) Importer(815301076,1909f56bfc062723c751e8b465ee728b)
Start importing Assets/Mesh/CollectTheItemArrowCone.asset using Guid(76897f99367761e41a1de843ba0a6184) Importer(815301076,1909f56bfc062723c751e8b465ee728b) [PhysX] Initialized MultithreadedTaskDispatcher with 12 workers.
[PhysX] Initialized MultithreadedTaskDispatcher with 12 workers.
 -> (artifact id: '1413f178b76fa3f530ea55d27f2d705e') in 0.015101 seconds
Number of updated asset objects reloaded before import = 0
Number of asset objects unloaded after import = 2
========================================================================
Received Import Request.
  Time since last request: 0.000017 seconds.
  path: Assets/Mesh/geo_plate01.asset
  artifactKey: Guid(5e5b16b9ab90f2e49935cef6a31f7214) Importer(815301076,1909f56bfc062723c751e8b465ee728b)
Start importing Assets/Mesh/geo_plate01.asset using Guid(5e5b16b9ab90f2e49935cef6a31f7214) Importer(815301076,1909f56bfc062723c751e8b465ee728b) [PhysX] Initialized MultithreadedTaskDispatcher with 12 workers.
[PhysX] Initialized MultithreadedTaskDispatcher with 12 workers.
 -> (artifact id: 'aee7d1e6738300db6e09cbf0cb5e30dc') in 0.014657 seconds
Number of updated asset objects reloaded before import = 0
Number of asset objects unloaded after import = 2
========================================================================
Received Import Request.
  Time since last request: 0.000028 seconds.
  path: Assets/MonoBehaviour/ut.asset
  artifactKey: Guid(6575a776905a05b4d89a71fb3c077c32) Importer(815301076,1909f56bfc062723c751e8b465ee728b)
Start importing Assets/MonoBehaviour/ut.asset using Guid(6575a776905a05b4d89a71fb3c077c32) Importer(815301076,1909f56bfc062723c751e8b465ee728b) [PhysX] Initialized MultithreadedTaskDispatcher with 12 workers.
 -> (artifact id: 'a334db35fcd9940f07ad335efca817df') in 0.001057 seconds
Number of updated asset objects reloaded before import = 0
Number of asset objects unloaded after import = 1
========================================================================
Received Import Request.
  Time since last request: 0.000073 seconds.
  path: Assets/Mesh/LogicShootable.asset
  artifactKey: Guid(bb38ffd429110424c92b0de83594753e) Importer(815301076,1909f56bfc062723c751e8b465ee728b)
Start importing Assets/Mesh/LogicShootable.asset using Guid(bb38ffd429110424c92b0de83594753e) Importer(815301076,1909f56bfc062723c751e8b465ee728b) [PhysX] Initialized MultithreadedTaskDispatcher with 12 workers.
[PhysX] Initialized MultithreadedTaskDispatcher with 12 workers.
 -> (artifact id: '5fa0d9be052ead13bf0c294e6de14fb8') in 0.014635 seconds
Number of updated asset objects reloaded before import = 0
Number of asset objects unloaded after import = 2
========================================================================
Received Import Request.
  Time since last request: 0.000016 seconds.
  path: Assets/Mesh/geo_shield.asset
  artifactKey: Guid(ca3179e6a23f5fa4cb5d716c846c4770) Importer(815301076,1909f56bfc062723c751e8b465ee728b)
Start importing Assets/Mesh/geo_shield.asset using Guid(ca3179e6a23f5fa4cb5d716c846c4770) Importer(815301076,1909f56bfc062723c751e8b465ee728b) [PhysX] Initialized MultithreadedTaskDispatcher with 12 workers.
[PhysX] Initialized MultithreadedTaskDispatcher with 12 workers.
 -> (artifact id: '8ad30c621becc3953057e9c1cff113ae') in 0.016463 seconds
Number of updated asset objects reloaded before import = 0
Number of asset objects unloaded after import = 2
========================================================================
Received Import Request.
  Time since last request: 0.000017 seconds.
  path: Assets/Mesh/cubegun.asset
  artifactKey: Guid(98e0ac15866a84c4289f1caa4a2050aa) Importer(815301076,1909f56bfc062723c751e8b465ee728b)
Start importing Assets/Mesh/cubegun.asset using Guid(98e0ac15866a84c4289f1caa4a2050aa) Importer(815301076,1909f56bfc062723c751e8b465ee728b) [PhysX] Initialized MultithreadedTaskDispatcher with 12 workers.
[PhysX] Initialized MultithreadedTaskDispatcher with 12 workers.
 -> (artifact id: '408211362498fd0b1d91f71eee17155e') in 0.014774 seconds
Number of updated asset objects reloaded before import = 0
Number of asset objects unloaded after import = 2
========================================================================
Received Import Request.
  Time since last request: 0.000016 seconds.
  path: Assets/Mesh/Health_Pickup.asset
  artifactKey: Guid(400fc2bf2fc6d144aa81cdb9f23653da) Importer(815301076,1909f56bfc062723c751e8b465ee728b)
Start importing Assets/Mesh/Health_Pickup.asset using Guid(400fc2bf2fc6d144aa81cdb9f23653da) Importer(815301076,1909f56bfc062723c751e8b465ee728b) [PhysX] Initialized MultithreadedTaskDispatcher with 12 workers.
[PhysX] Initialized MultithreadedTaskDispatcher with 12 workers.
 -> (artifact id: '57c60b3fd75e2ad08da014ad05d1e799') in 0.006163 seconds
Number of updated asset objects reloaded before import = 0
Number of asset objects unloaded after import = 2
========================================================================
Received Import Request.
  Time since last request: 0.000017 seconds.
  path: Assets/Mesh/geo_crystalVein.asset
  artifactKey: Guid(02ac2bf479d56d64eaa0a61df5a4a578) Importer(815301076,1909f56bfc062723c751e8b465ee728b)
Start importing Assets/Mesh/geo_crystalVein.asset using Guid(02ac2bf479d56d64eaa0a61df5a4a578) Importer(815301076,1909f56bfc062723c751e8b465ee728b) [PhysX] Initialized MultithreadedTaskDispatcher with 12 workers.
[PhysX] Initialized MultithreadedTaskDispatcher with 12 workers.
 -> (artifact id: '5fa12d1447e33ae907dee1d8be554261') in 0.014903 seconds
Number of updated asset objects reloaded before import = 0
Number of asset objects unloaded after import = 2
========================================================================
Received Import Request.
  Time since last request: 0.000021 seconds.
  path: Assets/MonoBehaviour/dev.asset
  artifactKey: Guid(aaa88ee2e7c3f2a4fb57bdd1d9b06e9e) Importer(815301076,1909f56bfc062723c751e8b465ee728b)
Start importing Assets/MonoBehaviour/dev.asset using Guid(aaa88ee2e7c3f2a4fb57bdd1d9b06e9e) Importer(815301076,1909f56bfc062723c751e8b465ee728b) [PhysX] Initialized MultithreadedTaskDispatcher with 12 workers.
 -> (artifact id: '92e4e4f91eab30f35080e9727397ec0a') in 0.000953 seconds
Number of updated asset objects reloaded before import = 0
Number of asset objects unloaded after import = 1
========================================================================
Received Import Request.
  Time since last request: 0.000027 seconds.
  path: Assets/Mesh/irisBlue_mesh.asset
  artifactKey: Guid(1d3756be3d2ca4d41a059533529393fb) Importer(815301076,1909f56bfc062723c751e8b465ee728b)
Start importing Assets/Mesh/irisBlue_mesh.asset using Guid(1d3756be3d2ca4d41a059533529393fb) Importer(815301076,1909f56bfc062723c751e8b465ee728b) [PhysX] Initialized MultithreadedTaskDispatcher with 12 workers.
[PhysX] Initialized MultithreadedTaskDispatcher with 12 workers.
 -> (artifact id: '2f2cb02147a1a1919094092f928c94e9') in 0.016570 seconds
Number of updated asset objects reloaded before import = 0
Number of asset objects unloaded after import = 2
========================================================================
Received Import Request.
  Time since last request: 0.000017 seconds.
  path: Assets/Mesh/Mesh.asset
  artifactKey: Guid(3ed7ea3255253684398927d86218b75e) Importer(815301076,1909f56bfc062723c751e8b465ee728b)
Start importing Assets/Mesh/Mesh.asset using Guid(3ed7ea3255253684398927d86218b75e) Importer(815301076,1909f56bfc062723c751e8b465ee728b) [PhysX] Initialized MultithreadedTaskDispatcher with 12 workers.
[PhysX] Initialized MultithreadedTaskDispatcher with 12 workers.
 -> (artifact id: 'a50dd3668218e8a9f309bd666e2a4ec4') in 0.015564 seconds
Number of updated asset objects reloaded before import = 0
Number of asset objects unloaded after import = 2
========================================================================
Received Import Request.
  Time since last request: 0.000016 seconds.
  path: Assets/MonoBehaviour/PostProcessResources.asset
  artifactKey: Guid(2b85c6db5a2cbc640ace8ccaccf1b9c7) Importer(815301076,1909f56bfc062723c751e8b465ee728b)
Start importing Assets/MonoBehaviour/PostProcessResources.asset using Guid(2b85c6db5a2cbc640ace8ccaccf1b9c7) Importer(815301076,1909f56bfc062723c751e8b465ee728b) [PhysX] Initialized MultithreadedTaskDispatcher with 12 workers.
 -> (artifact id: '80c16f4b808bd7ee92a092a1d5680fb1') in 0.030727 seconds
Number of updated asset objects reloaded before import = 0
Number of asset objects unloaded after import = 87
========================================================================
Received Import Request.
  Time since last request: 5.121028 seconds.
  path: Assets/Mesh/shotgun.asset
  artifactKey: Guid(278b3aa4472a47c479ead5a01acb856e) Importer(815301076,1909f56bfc062723c751e8b465ee728b)
Start importing Assets/Mesh/shotgun.asset using Guid(278b3aa4472a47c479ead5a01acb856e) Importer(815301076,1909f56bfc062723c751e8b465ee728b) [PhysX] Initialized MultithreadedTaskDispatcher with 12 workers.
[PhysX] Initialized MultithreadedTaskDispatcher with 12 workers.
 -> (artifact id: 'ca61e33f576265f450b7f94dc240a770') in 0.013893 seconds
Number of updated asset objects reloaded before import = 0
Number of asset objects unloaded after import = 2
========================================================================
Received Import Request.
  Time since last request: 0.000015 seconds.
  path: Assets/Mesh/speaker_foot_0.asset
  artifactKey: Guid(461828dcd75fd5c45ba1b21d8d71b564) Importer(815301076,1909f56bfc062723c751e8b465ee728b)
Start importing Assets/Mesh/speaker_foot_0.asset using Guid(461828dcd75fd5c45ba1b21d8d71b564) Importer(815301076,1909f56bfc062723c751e8b465ee728b) [PhysX] Initialized MultithreadedTaskDispatcher with 12 workers.
[PhysX] Initialized MultithreadedTaskDispatcher with 12 workers.
 -> (artifact id: 'be813e60d8ba796e5c43cccdc1a14fd6') in 0.068215 seconds
Number of updated asset objects reloaded before import = 0
Number of asset objects unloaded after import = 2
========================================================================
Received Import Request.
  Time since last request: 0.000017 seconds.
  path: Assets/Mesh/Weapon_ThrowingStarSingle.asset
  artifactKey: Guid(99882ed8c82f61045bd0bc5dc5d22d84) Importer(815301076,1909f56bfc062723c751e8b465ee728b)
Start importing Assets/Mesh/Weapon_ThrowingStarSingle.asset using Guid(99882ed8c82f61045bd0bc5dc5d22d84) Importer(815301076,1909f56bfc062723c751e8b465ee728b) [PhysX] Initialized MultithreadedTaskDispatcher with 12 workers.
[PhysX] Initialized MultithreadedTaskDispatcher with 12 workers.
 -> (artifact id: '39d87812acaafe94dec004260fc0ff91') in 0.014028 seconds
Number of updated asset objects reloaded before import = 0
Number of asset objects unloaded after import = 2
========================================================================
Received Import Request.
  Time since last request: 0.000015 seconds.
  path: Assets/Mesh/speaker_source_0.asset
  artifactKey: Guid(22b0dd399c50a3442b4a64ebf5bbd6d4) Importer(815301076,1909f56bfc062723c751e8b465ee728b)
Start importing Assets/Mesh/speaker_source_0.asset using Guid(22b0dd399c50a3442b4a64ebf5bbd6d4) Importer(815301076,1909f56bfc062723c751e8b465ee728b) [PhysX] Initialized MultithreadedTaskDispatcher with 12 workers.
[PhysX] Initialized MultithreadedTaskDispatcher with 12 workers.
 -> (artifact id: 'ed7569018530a6dbaaa9c21f0247dfbf') in 0.014502 seconds
Number of updated asset objects reloaded before import = 0
Number of asset objects unloaded after import = 2
========================================================================
Received Import Request.
  Time since last request: 0.000014 seconds.
  path: Assets/Mesh/Weapon_ShrinkGun.asset
  artifactKey: Guid(48f86eb92f1d1f749901700f28c7be46) Importer(815301076,1909f56bfc062723c751e8b465ee728b)
Start importing Assets/Mesh/Weapon_ShrinkGun.asset using Guid(48f86eb92f1d1f749901700f28c7be46) Importer(815301076,1909f56bfc062723c751e8b465ee728b) [PhysX] Initialized MultithreadedTaskDispatcher with 12 workers.
[PhysX] Initialized MultithreadedTaskDispatcher with 12 workers.
 -> (artifact id: '095e6cd7c671113a9c451f26dbc5db19') in 0.013620 seconds
Number of updated asset objects reloaded before import = 0
Number of asset objects unloaded after import = 2
========================================================================
Received Import Request.
  Time since last request: 0.000017 seconds.
  path: Assets/Mesh/thruster.asset
  artifactKey: Guid(96975cddcdbfa774ab201ed38fbcdb3e) Importer(815301076,1909f56bfc062723c751e8b465ee728b)
Start importing Assets/Mesh/thruster.asset using Guid(96975cddcdbfa774ab201ed38fbcdb3e) Importer(815301076,1909f56bfc062723c751e8b465ee728b) [PhysX] Initialized MultithreadedTaskDispatcher with 12 workers.
[PhysX] Initialized MultithreadedTaskDispatcher with 12 workers.
 -> (artifact id: 'ca5b84765ac46b93841c3bf4db7b3e39') in 0.014480 seconds
Number of updated asset objects reloaded before import = 0
Number of asset objects unloaded after import = 2
========================================================================
Received Import Request.
  Time since last request: 0.000017 seconds.
  path: Assets/Mesh/Weapon_Revolver2.asset
  artifactKey: Guid(82d12281d631bf84eaa3a8078072c9e4) Importer(815301076,1909f56bfc062723c751e8b465ee728b)
Start importing Assets/Mesh/Weapon_Revolver2.asset using Guid(82d12281d631bf84eaa3a8078072c9e4) Importer(815301076,1909f56bfc062723c751e8b465ee728b) [PhysX] Initialized MultithreadedTaskDispatcher with 12 workers.
[PhysX] Initialized MultithreadedTaskDispatcher with 12 workers.
 -> (artifact id: 'fa1a9a4bafe6dc1f285f735477406588') in 0.007955 seconds
Number of updated asset objects reloaded before import = 0
Number of asset objects unloaded after import = 2
Editor requested this worker to shutdown with reason: Scaling down because of idle timeout
TcpMessagingSession - receive error: operation aborted. errorcode: 995, details: The I/O operation has been aborted because of either a thread exit or an application request.
AssetImportWorker is now disconnected from the server
Process exiting
Exiting without the bug reporter. Application will terminate with return code 0